<?xml version="1.0" encoding="UTF-8"?>
<!-- Generated by org.testng.reporters.JUnitReportReporter -->
<testsuite hostname="Lenovo-PC" failures="0" tests="1" name="sampleBuild.A" time="0.021" errors="0" timestamp="2024-02-08T16:05:04 IST" skipped="0">
  <testcase classname="sampleBuild.A" name="mA" time="0.021"/>
  <system-out/>
</testsuite> <!-- sampleBuild.A -->
